<?xml version="1.0" encoding="UTF-8"?>
<testsuite xmlns:xsi="http://www.w3.org/2001/XMLSchema-instance" xsi:noNamespaceSchemaLocation="https://maven.apache.org/surefire/maven-surefire-plugin/xsd/surefire-test-report.xsd" name="com.example.AppTest" time="0.034" tests="1" errors="0" skipped="0" failures="0">
  <properties>
    <property name="java.specification.version" value="17"/>
    <property name="sun.cpu.isalist" value="amd64"/>
    <property name="sun.jnu.encoding" value="Cp1252"/>
    <property name="java.class.path" value="C:\Users\mouly\OneDrive\Desktop\prac\myapp\target\test-classes;C:\Users\mouly\OneDrive\Desktop\prac\myapp\target\classes;C:\Users\mouly\.m2\repository\junit\junit\4.11\junit-4.11.jar;C:\Users\mouly\.m2\repository\org\hamcrest\hamcrest-core\1.3\hamcrest-core-1.3.jar;"/>
    <property name="java.vm.vendor" value="Eclipse Adoptium"/>
    <property name="sun.arch.data.model" value="64"/>
    <property name="user.variant" value=""/>
    <property name="java.vendor.url" value="https://adoptium.net/"/>
    <property name="user.timezone" value="Asia/Calcutta"/>
    <property name="os.name" value="Windows 11"/>
    <property name="java.vm.specification.version" value="17"/>
    <property name="sun.java.launcher" value="SUN_STANDARD"/>
    <property name="user.country" value="IN"/>
    <property name="sun.boot.library.path" value="C:\Users\mouly\AppData\Local\Programs\Eclipse Adoptium\jdk-17.0.9.9-hotspot\bin"/>
    <property name="sun.java.command" value="C:\Users\mouly\AppData\Local\Temp\surefire16604652450611815931\surefirebooter14407401993069978676.jar C:\Users\mouly\AppData\Local\Temp\surefire16604652450611815931 2025-06-09T05-28-52_481-jvmRun1 surefire12104791626865487261tmp surefire_013028217083575050101tmp"/>
    <property name="jdk.debug" value="release"/>
    <property name="surefire.test.class.path" value="C:\Users\mouly\OneDrive\Desktop\prac\myapp\target\test-classes;C:\Users\mouly\OneDrive\Desktop\prac\myapp\target\classes;C:\Users\mouly\.m2\repository\junit\junit\4.11\junit-4.11.jar;C:\Users\mouly\.m2\repository\org\hamcrest\hamcrest-core\1.3\hamcrest-core-1.3.jar;"/>
    <property name="sun.cpu.endian" value="little"/>
    <property name="user.home" value="C:\Users\mouly"/>
    <property name="user.language" value="en"/>
    <property name="java.specification.vendor" value="Oracle Corporation"/>
    <property name="java.version.date" value="2023-10-17"/>
    <property name="java.home" value="C:\Users\mouly\AppData\Local\Programs\Eclipse Adoptium\jdk-17.0.9.9-hotspot"/>
    <property name="file.separator" value="\"/>
    <property name="basedir" value="C:\Users\mouly\OneDrive\Desktop\prac\myapp"/>
    <property name="java.vm.compressedOopsMode" value="Zero based"/>
    <property name="line.separator" value="&#10;"/>
    <property name="java.vm.specification.vendor" value="Oracle Corporation"/>
    <property name="java.specification.name" value="Java Platform API Specification"/>
    <property name="surefire.real.class.path" value="C:\Users\mouly\AppData\Local\Temp\surefire16604652450611815931\surefirebooter14407401993069978676.jar"/>
    <property name="user.script" value=""/>
    <property name="sun.management.compiler" value="HotSpot 64-Bit Tiered Compilers"/>
    <property name="java.runtime.version" value="17.0.9+9"/>
    <property name="user.name" value="mouly"/>
    <property name="path.separator" value=";"/>
    <property name="os.version" value="10.0"/>
    <property name="java.runtime.name" value="OpenJDK Runtime Environment"/>
    <property name="file.encoding" value="Cp1252"/>
    <property name="java.vm.name" value="OpenJDK 64-Bit Server VM"/>
    <property name="java.vendor.version" value="Temurin-17.0.9+9"/>
    <property name="localRepository" value="C:\Users\mouly\.m2\repository"/>
    <property name="java.vendor.url.bug" value="https://github.com/adoptium/adoptium-support/issues"/>
    <property name="java.io.tmpdir" value="C:\Users\mouly\AppData\Local\Temp\"/>
    <property name="java.version" value="17.0.9"/>
    <property name="user.dir" value="C:\Users\mouly\OneDrive\Desktop\prac\myapp"/>
    <property name="os.arch" value="amd64"/>
    <property name="java.vm.specification.name" value="Java Virtual Machine Specification"/>
    <property name="sun.os.patch.level" value=""/>
    <property name="native.encoding" value="Cp1252"/>
    <property name="java.library.path" value="C:\Users\mouly\AppData\Local\Programs\Eclipse Adoptium\jdk-17.0.9.9-hotspot\bin;C:\WINDOWS\Sun\Java\bin;C:\WINDOWS\system32;C:\WINDOWS;C:\Program Files\Eclipse Adoptium\jdk-21.0.6.7-hotspot\bin;C:\oraclexe\app\oracle\product\11.2.0\server\bin;C:\Program Files\Common Files\Oracle\Java\javapath;C:\windows\system32;C:\windows;C:\windows\System32\Wbem;C:\windows\System32\WindowsPowerShell\v1.0\;C:\windows\System32\OpenSSH\;C:\MinGW\bin;C:\Program Files\HP\HP One Agent;C:\Program Files\nodejs\;C:\ProgramData\chocolatey\bin;JAVA_HOME\bin;C:\Users\mouly\OneDrive\Desktop\dependency-check\bin;C:\Users\mouly\AppData\Local\Programs\Python\Python39\Scripts\;C:\Users\mouly\.local\bin;C:\Users\mouly\AppData\Roaming\Python\Scripts;C:\Users\mouly\anaconda3\condabin;c:\Users\mouly\AppData\Local\Programs\cursor\resources\app\bin;C:\maven_folder\apache-maven-3.9.9-bin\apache-maven-3.9.9\bin;C:\maven_folder\jdk-17.0.12_windows-x64_bin\jdk-17.0.12\bin;C:\maven_folder\gradle-8.14-bin (2)\gradle-8.14\bin;C:\Program Files (x86)\Microsoft SQL Server\160\Tools\Binn\;C:\Program Files\Microsoft SQL Server\160\Tools\Binn\;C:\Program Files\Microsoft SQL Server\Client SDK\ODBC\170\Tools\Binn\;C:\Program Files\Microsoft SQL Server\160\DTS\Binn\;C:\Program Files\Docker\Docker\resources\bin;C:\Program Files\Git\bin;C:\Program Files\Git\cmd;;C:\WINDOWS\system32;C:\WINDOWS;C:\WINDOWS\System32\Wbem;C:\WINDOWS\System32\WindowsPowerShell\v1.0\;C:\WINDOWS\System32\OpenSSH\;C:\Users\mouly\AppData\Local\Programs\Python\Python311\Scripts\;C:\Users\mouly\AppData\Local\Programs\Python\Python311\;C:\Users\mouly\AppData\Local\Programs\Python\Python39\Scripts\;C:\Users\mouly\AppData\Local\Programs\Python\Python39\;C:\Users\mouly\AppData\Local\Programs\Python\Python313\Scripts\;C:\Users\mouly\AppData\Local\Programs\Python\Python313\;C:\Users\mouly\OneDrive\Desktop\mongodb-windows-x86_64-8.0.4-signed (2).msi;C:\Users\mouly\AppData\Local\Programs\Microsoft VS Code\bin;C:\Users\mouly\AppData\Local\Programs\cursor\resources\app\bin;C:\Users\mouly\AppData\Local\Microsoft\WindowsApps;;."/>
    <property name="java.vm.info" value="mixed mode, sharing"/>
    <property name="java.vendor" value="Eclipse Adoptium"/>
    <property name="java.vm.version" value="17.0.9+9"/>
    <property name="sun.io.unicode.encoding" value="UnicodeLittle"/>
    <property name="java.class.version" value="61.0"/>
  </properties>
  <testcase name="shouldAnswerWithTrue" classname="com.example.AppTest" time="0.002"/>
</testsuite>